{"/Users/gabe/skx/src/cli.ts": {"path":"/Users/gabe/skx/src/cli.ts","statementMap":{"0":{"start":{"line":13,"column":18},"end":{"line":13,"column":null}},"1":{"start":{"line":15,"column":2},"end":{"line":18,"column":null}},"2":{"start":{"line":20,"column":2},"end":{"line":53,"column":null}},"3":{"start":{"line":26,"column":6},"end":{"line":52,"column":null}},"4":{"start":{"line":27,"column":24},"end":{"line":27,"column":null}},"5":{"start":{"line":28,"column":26},"end":{"line":31,"column":null}},"6":{"start":{"line":33,"column":8},"end":{"line":36,"column":null}},"7":{"start":{"line":34,"column":10},"end":{"line":34,"column":null}},"8":{"start":{"line":35,"column":10},"end":{"line":35,"column":null}},"9":{"start":{"line":38,"column":8},"end":{"line":38,"column":null}},"10":{"start":{"line":39,"column":8},"end":{"line":44,"column":null}},"11":{"start":{"line":40,"column":10},"end":{"line":40,"column":null}},"12":{"start":{"line":41,"column":10},"end":{"line":43,"column":null}},"13":{"start":{"line":42,"column":13},"end":{"line":42,"column":null}},"14":{"start":{"line":46,"column":9},"end":{"line":50,"column":null}},"15":{"start":{"line":47,"column":10},"end":{"line":47,"column":null}},"16":{"start":{"line":49,"column":10},"end":{"line":49,"column":null}},"17":{"start":{"line":51,"column":8},"end":{"line":51,"column":null}},"18":{"start":{"line":55,"column":2},"end":{"line":85,"column":null}},"19":{"start":{"line":60,"column":6},"end":{"line":84,"column":null}},"20":{"start":{"line":61,"column":23},"end":{"line":61,"column":null}},"21":{"start":{"line":62,"column":14},"end":{"line":62,"column":null}},"22":{"start":{"line":64,"column":8},"end":{"line":67,"column":null}},"23":{"start":{"line":65,"column":10},"end":{"line":65,"column":null}},"24":{"start":{"line":66,"column":10},"end":{"line":66,"column":null}},"25":{"start":{"line":69,"column":8},"end":{"line":69,"column":null}},"26":{"start":{"line":70,"column":8},"end":{"line":76,"column":null}},"27":{"start":{"line":71,"column":10},"end":{"line":71,"column":null}},"28":{"start":{"line":72,"column":10},"end":{"line":72,"column":null}},"29":{"start":{"line":73,"column":10},"end":{"line":73,"column":null}},"30":{"start":{"line":74,"column":10},"end":{"line":74,"column":null}},"31":{"start":{"line":75,"column":10},"end":{"line":75,"column":null}},"32":{"start":{"line":78,"column":8},"end":{"line":82,"column":null}},"33":{"start":{"line":79,"column":10},"end":{"line":79,"column":null}},"34":{"start":{"line":81,"column":10},"end":{"line":81,"column":null}},"35":{"start":{"line":83,"column":8},"end":{"line":83,"column":null}},"36":{"start":{"line":87,"column":2},"end":{"line":162,"column":null}},"37":{"start":{"line":94,"column":12},"end":{"line":94,"column":null}},"38":{"start":{"line":95,"column":27},"end":{"line":95,"column":null}},"39":{"start":{"line":96,"column":6},"end":{"line":161,"column":null}},"40":{"start":{"line":98,"column":24},"end":{"line":98,"column":null}},"41":{"start":{"line":99,"column":8},"end":{"line":113,"column":null}},"42":{"start":{"line":100,"column":32},"end":{"line":106,"column":null}},"43":{"start":{"line":108,"column":10},"end":{"line":111,"column":null}},"44":{"start":{"line":109,"column":12},"end":{"line":109,"column":null}},"45":{"start":{"line":110,"column":12},"end":{"line":110,"column":null}},"46":{"start":{"line":112,"column":10},"end":{"line":112,"column":null}},"47":{"start":{"line":116,"column":8},"end":{"line":116,"column":null}},"48":{"start":{"line":117,"column":8},"end":{"line":117,"column":null}},"49":{"start":{"line":118,"column":23},"end":{"line":118,"column":null}},"50":{"start":{"line":119,"column":22},"end":{"line":119,"column":null}},"51":{"start":{"line":119,"column":39},"end":{"line":119,"column":90}},"52":{"start":{"line":121,"column":8},"end":{"line":125,"column":null}},"53":{"start":{"line":122,"column":10},"end":{"line":122,"column":null}},"54":{"start":{"line":123,"column":10},"end":{"line":123,"column":null}},"55":{"start":{"line":124,"column":10},"end":{"line":124,"column":null}},"56":{"start":{"line":126,"column":8},"end":{"line":126,"column":null}},"57":{"start":{"line":127,"column":8},"end":{"line":127,"column":null}},"58":{"start":{"line":130,"column":25},"end":{"line":130,"column":null}},"59":{"start":{"line":131,"column":24},"end":{"line":131,"column":null}},"60":{"start":{"line":134,"column":22},"end":{"line":134,"column":null}},"61":{"start":{"line":135,"column":25},"end":{"line":135,"column":null}},"62":{"start":{"line":136,"column":29},"end":{"line":136,"column":null}},"63":{"start":{"line":137,"column":27},"end":{"line":137,"column":null}},"64":{"start":{"line":139,"column":8},"end":{"line":139,"column":null}},"65":{"start":{"line":140,"column":8},"end":{"line":140,"column":null}},"66":{"start":{"line":142,"column":26},"end":{"line":142,"column":null}},"67":{"start":{"line":143,"column":8},"end":{"line":143,"column":null}},"68":{"start":{"line":145,"column":8},"end":{"line":145,"column":null}},"69":{"start":{"line":146,"column":8},"end":{"line":146,"column":null}},"70":{"start":{"line":148,"column":8},"end":{"line":148,"column":null}},"71":{"start":{"line":149,"column":8},"end":{"line":149,"column":null}},"72":{"start":{"line":152,"column":8},"end":{"line":154,"column":null}},"73":{"start":{"line":153,"column":10},"end":{"line":153,"column":null}},"74":{"start":{"line":155,"column":8},"end":{"line":159,"column":null}},"75":{"start":{"line":156,"column":10},"end":{"line":156,"column":null}},"76":{"start":{"line":158,"column":10},"end":{"line":158,"column":null}},"77":{"start":{"line":160,"column":8},"end":{"line":160,"column":null}},"78":{"start":{"line":164,"column":2},"end":{"line":198,"column":null}},"79":{"start":{"line":171,"column":12},"end":{"line":171,"column":null}},"80":{"start":{"line":172,"column":27},"end":{"line":172,"column":null}},"81":{"start":{"line":173,"column":6},"end":{"line":197,"column":null}},"82":{"start":{"line":174,"column":25},"end":{"line":174,"column":null}},"83":{"start":{"line":175,"column":24},"end":{"line":175,"column":null}},"84":{"start":{"line":177,"column":22},"end":{"line":177,"column":null}},"85":{"start":{"line":179,"column":8},"end":{"line":179,"column":null}},"86":{"start":{"line":180,"column":8},"end":{"line":180,"column":null}},"87":{"start":{"line":182,"column":8},"end":{"line":182,"column":null}},"88":{"start":{"line":184,"column":8},"end":{"line":184,"column":null}},"89":{"start":{"line":185,"column":8},"end":{"line":185,"column":null}},"90":{"start":{"line":188,"column":8},"end":{"line":190,"column":null}},"91":{"start":{"line":189,"column":10},"end":{"line":189,"column":null}},"92":{"start":{"line":191,"column":8},"end":{"line":195,"column":null}},"93":{"start":{"line":192,"column":10},"end":{"line":192,"column":null}},"94":{"start":{"line":194,"column":10},"end":{"line":194,"column":null}},"95":{"start":{"line":196,"column":8},"end":{"line":196,"column":null}},"96":{"start":{"line":200,"column":2},"end":{"line":200,"column":null}}},"fnMap":{"0":{"name":"createProgram","decl":{"start":{"line":12,"column":16},"end":{"line":12,"column":41}},"loc":{"start":{"line":12,"column":41},"end":{"line":201,"column":null}},"line":12},"1":{"name":"(anonymous_1)","decl":{"start":{"line":25,"column":12},"end":{"line":25,"column":19}},"loc":{"start":{"line":25,"column":31},"end":{"line":53,"column":5}},"line":25},"2":{"name":"(anonymous_2)","decl":{"start":{"line":41,"column":25},"end":{"line":41,"column":34}},"loc":{"start":{"line":41,"column":34},"end":{"line":43,"column":11}},"line":41},"3":{"name":"(anonymous_3)","decl":{"start":{"line":59,"column":12},"end":{"line":59,"column":19}},"loc":{"start":{"line":59,"column":29},"end":{"line":85,"column":5}},"line":59},"4":{"name":"(anonymous_4)","decl":{"start":{"line":70,"column":24},"end":{"line":70,"column":25}},"loc":{"start":{"line":70,"column":35},"end":{"line":76,"column":9}},"line":70},"5":{"name":"(anonymous_5)","decl":{"start":{"line":93,"column":12},"end":{"line":93,"column":19}},"loc":{"start":{"line":93,"column":42},"end":{"line":162,"column":5}},"line":93},"6":{"name":"(anonymous_6)","decl":{"start":{"line":119,"column":34},"end":{"line":119,"column":39}},"loc":{"start":{"line":119,"column":39},"end":{"line":119,"column":90}},"line":119},"7":{"name":"(anonymous_7)","decl":{"start":{"line":170,"column":12},"end":{"line":170,"column":19}},"loc":{"start":{"line":170,"column":42},"end":{"line":198,"column":5}},"line":170}},"branchMap":{"0":{"loc":{"start":{"line":33,"column":8},"end":{"line":36,"column":null}},"type":"if","locations":[{"start":{"line":33,"column":8},"end":{"line":36,"column":null}},{"start":{},"end":{}}],"line":33},"1":{"loc":{"start":{"line":46,"column":9},"end":{"line":50,"column":null}},"type":"if","locations":[{"start":{"line":46,"column":9},"end":{"line":50,"column":null}},{"start":{"line":48,"column":15},"end":{"line":50,"column":null}}],"line":46},"2":{"loc":{"start":{"line":62,"column":45},"end":{"line":62,"column":56}},"type":"binary-expr","locations":[{"start":{"line":62,"column":45},"end":{"line":62,"column":54}},{"start":{"line":62,"column":54},"end":{"line":62,"column":56}}],"line":62},"3":{"loc":{"start":{"line":64,"column":8},"end":{"line":67,"column":null}},"type":"if","locations":[{"start":{"line":64,"column":8},"end":{"line":67,"column":null}},{"start":{},"end":{}}],"line":64},"4":{"loc":{"start":{"line":78,"column":8},"end":{"line":82,"column":null}},"type":"if","locations":[{"start":{"line":78,"column":8},"end":{"line":82,"column":null}},{"start":{"line":80,"column":15},"end":{"line":82,"column":null}}],"line":78},"5":{"loc":{"start":{"line":99,"column":8},"end":{"line":113,"column":null}},"type":"if","locations":[{"start":{"line":99,"column":8},"end":{"line":113,"column":null}},{"start":{},"end":{}}],"line":99},"6":{"loc":{"start":{"line":108,"column":10},"end":{"line":111,"column":null}},"type":"if","locations":[{"start":{"line":108,"column":10},"end":{"line":111,"column":null}},{"start":{},"end":{}}],"line":108},"7":{"loc":{"start":{"line":119,"column":39},"end":{"line":119,"column":90}},"type":"binary-expr","locations":[{"start":{"line":119,"column":39},"end":{"line":119,"column":63}},{"start":{"line":119,"column":63},"end":{"line":119,"column":90}}],"line":119},"8":{"loc":{"start":{"line":121,"column":8},"end":{"line":125,"column":null}},"type":"if","locations":[{"start":{"line":121,"column":8},"end":{"line":125,"column":null}},{"start":{},"end":{}}],"line":121},"9":{"loc":{"start":{"line":134,"column":22},"end":{"line":134,"column":null}},"type":"cond-expr","locations":[{"start":{"line":134,"column":45},"end":{"line":134,"column":58}},{"start":{"line":134,"column":58},"end":{"line":134,"column":null}}],"line":134},"10":{"loc":{"start":{"line":136,"column":29},"end":{"line":136,"column":null}},"type":"binary-expr","locations":[{"start":{"line":136,"column":29},"end":{"line":136,"column":50}},{"start":{"line":136,"column":50},"end":{"line":136,"column":null}}],"line":136},"11":{"loc":{"start":{"line":152,"column":8},"end":{"line":154,"column":null}},"type":"if","locations":[{"start":{"line":152,"column":8},"end":{"line":154,"column":null}},{"start":{},"end":{}}],"line":152},"12":{"loc":{"start":{"line":155,"column":8},"end":{"line":159,"column":null}},"type":"if","locations":[{"start":{"line":155,"column":8},"end":{"line":159,"column":null}},{"start":{"line":157,"column":15},"end":{"line":159,"column":null}}],"line":155},"13":{"loc":{"start":{"line":177,"column":22},"end":{"line":177,"column":null}},"type":"cond-expr","locations":[{"start":{"line":177,"column":49},"end":{"line":177,"column":62}},{"start":{"line":177,"column":62},"end":{"line":177,"column":null}}],"line":177},"14":{"loc":{"start":{"line":188,"column":8},"end":{"line":190,"column":null}},"type":"if","locations":[{"start":{"line":188,"column":8},"end":{"line":190,"column":null}},{"start":{},"end":{}}],"line":188},"15":{"loc":{"start":{"line":191,"column":8},"end":{"line":195,"column":null}},"type":"if","locations":[{"start":{"line":191,"column":8},"end":{"line":195,"column":null}},{"start":{"line":193,"column":15},"end":{"line":195,"column":null}}],"line":191}},"s":{"0":21,"1":21,"2":21,"3":4,"4":4,"5":4,"6":4,"7":2,"8":2,"9":2,"10":2,"11":3,"12":3,"13":3,"14":0,"15":0,"16":0,"17":0,"18":21,"19":3,"20":3,"21":2,"22":3,"23":1,"24":1,"25":1,"26":1,"27":1,"28":1,"29":1,"30":1,"31":1,"32":1,"33":1,"34":0,"35":1,"36":21,"37":5,"38":5,"39":5,"40":5,"41":5,"42":2,"43":2,"44":0,"45":0,"46":2,"47":5,"48":5,"49":5,"50":5,"51":5,"52":5,"53":0,"54":0,"55":0,"56":5,"57":5,"58":5,"59":5,"60":5,"61":5,"62":5,"63":5,"64":5,"65":5,"66":5,"67":5,"68":5,"69":5,"70":5,"71":5,"72":0,"73":0,"74":0,"75":0,"76":0,"77":0,"78":21,"79":3,"80":3,"81":3,"82":3,"83":3,"84":3,"85":3,"86":3,"87":3,"88":2,"89":2,"90":1,"91":1,"92":1,"93":1,"94":0,"95":1,"96":21},"f":{"0":21,"1":4,"2":3,"3":3,"4":1,"5":5,"6":5,"7":3},"b":{"0":[2,2],"1":[0,0],"2":[2,0],"3":[1,2],"4":[1,0],"5":[2,3],"6":[0,2],"7":[5,0],"8":[0,5],"9":[2,3],"10":[5,0],"11":[0,0],"12":[0,0],"13":[2,1],"14":[1,0],"15":[1,0]},"meta":{"lastBranch":16,"lastFunction":8,"lastStatement":97,"seen":{"f:12:16:12:41":0,"s:13:18:13:Infinity":0,"s:15:2:18:Infinity":1,"s:20:2:53:Infinity":2,"f:25:12:25:19":1,"s:26:6:52:Infinity":3,"s:27:24:27:Infinity":4,"s:28:26:31:Infinity":5,"b:33:8:36:Infinity:undefined:undefined:undefined:undefined":0,"s:33:8:36:Infinity":6,"s:34:10:34:Infinity":7,"s:35:10:35:Infinity":8,"s:38:8:38:Infinity":9,"s:39:8:44:Infinity":10,"s:40:10:40:Infinity":11,"s:41:10:43:Infinity":12,"f:41:25:41:34":2,"s:42:13:42:Infinity":13,"b:46:9:50:Infinity:48:15:50:Infinity":1,"s:46:9:50:Infinity":14,"s:47:10:47:Infinity":15,"s:49:10:49:Infinity":16,"s:51:8:51:Infinity":17,"s:55:2:85:Infinity":18,"f:59:12:59:19":3,"s:60:6:84:Infinity":19,"s:61:23:61:Infinity":20,"s:62:14:62:Infinity":21,"b:62:45:62:54:62:54:62:56":2,"b:64:8:67:Infinity:undefined:undefined:undefined:undefined":3,"s:64:8:67:Infinity":22,"s:65:10:65:Infinity":23,"s:66:10:66:Infinity":24,"s:69:8:69:Infinity":25,"s:70:8:76:Infinity":26,"f:70:24:70:25":4,"s:71:10:71:Infinity":27,"s:72:10:72:Infinity":28,"s:73:10:73:Infinity":29,"s:74:10:74:Infinity":30,"s:75:10:75:Infinity":31,"b:78:8:82:Infinity:80:15:82:Infinity":4,"s:78:8:82:Infinity":32,"s:79:10:79:Infinity":33,"s:81:10:81:Infinity":34,"s:83:8:83:Infinity":35,"s:87:2:162:Infinity":36,"f:93:12:93:19":5,"s:94:12:94:Infinity":37,"s:95:27:95:Infinity":38,"s:96:6:161:Infinity":39,"s:98:24:98:Infinity":40,"b:99:8:113:Infinity:undefined:undefined:undefined:undefined":5,"s:99:8:113:Infinity":41,"s:100:32:106:Infinity":42,"b:108:10:111:Infinity:undefined:undefined:undefined:undefined":6,"s:108:10:111:Infinity":43,"s:109:12:109:Infinity":44,"s:110:12:110:Infinity":45,"s:112:10:112:Infinity":46,"s:116:8:116:Infinity":47,"s:117:8:117:Infinity":48,"s:118:23:118:Infinity":49,"s:119:22:119:Infinity":50,"f:119:34:119:39":6,"s:119:39:119:90":51,"b:119:39:119:63:119:63:119:90":7,"b:121:8:125:Infinity:undefined:undefined:undefined:undefined":8,"s:121:8:125:Infinity":52,"s:122:10:122:Infinity":53,"s:123:10:123:Infinity":54,"s:124:10:124:Infinity":55,"s:126:8:126:Infinity":56,"s:127:8:127:Infinity":57,"s:130:25:130:Infinity":58,"s:131:24:131:Infinity":59,"s:134:22:134:Infinity":60,"b:134:45:134:58:134:58:134:Infinity":9,"s:135:25:135:Infinity":61,"s:136:29:136:Infinity":62,"b:136:29:136:50:136:50:136:Infinity":10,"s:137:27:137:Infinity":63,"s:139:8:139:Infinity":64,"s:140:8:140:Infinity":65,"s:142:26:142:Infinity":66,"s:143:8:143:Infinity":67,"s:145:8:145:Infinity":68,"s:146:8:146:Infinity":69,"s:148:8:148:Infinity":70,"s:149:8:149:Infinity":71,"b:152:8:154:Infinity:undefined:undefined:undefined:undefined":11,"s:152:8:154:Infinity":72,"s:153:10:153:Infinity":73,"b:155:8:159:Infinity:157:15:159:Infinity":12,"s:155:8:159:Infinity":74,"s:156:10:156:Infinity":75,"s:158:10:158:Infinity":76,"s:160:8:160:Infinity":77,"s:164:2:198:Infinity":78,"f:170:12:170:19":7,"s:171:12:171:Infinity":79,"s:172:27:172:Infinity":80,"s:173:6:197:Infinity":81,"s:174:25:174:Infinity":82,"s:175:24:175:Infinity":83,"s:177:22:177:Infinity":84,"b:177:49:177:62:177:62:177:Infinity":13,"s:179:8:179:Infinity":85,"s:180:8:180:Infinity":86,"s:182:8:182:Infinity":87,"s:184:8:184:Infinity":88,"s:185:8:185:Infinity":89,"b:188:8:190:Infinity:undefined:undefined:undefined:undefined":14,"s:188:8:190:Infinity":90,"s:189:10:189:Infinity":91,"b:191:8:195:Infinity:193:15:195:Infinity":15,"s:191:8:195:Infinity":92,"s:192:10:192:Infinity":93,"s:194:10:194:Infinity":94,"s:196:8:196:Infinity":95,"s:200:2:200:Infinity":96}}}
,"/Users/gabe/skx/src/ui.ts": {"path":"/Users/gabe/skx/src/ui.ts","statementMap":{"0":{"start":{"line":7,"column":2},"end":{"line":7,"column":null}},"1":{"start":{"line":9,"column":2},"end":{"line":43,"column":null}},"2":{"start":{"line":10,"column":19},"end":{"line":10,"column":null}},"3":{"start":{"line":12,"column":4},"end":{"line":15,"column":null}},"4":{"start":{"line":13,"column":6},"end":{"line":13,"column":null}},"5":{"start":{"line":14,"column":6},"end":{"line":14,"column":null}},"6":{"start":{"line":17,"column":36},"end":{"line":17,"column":null}},"7":{"start":{"line":18,"column":10},"end":{"line":18,"column":null}},"8":{"start":{"line":19,"column":4},"end":{"line":19,"column":null}},"9":{"start":{"line":26,"column":22},"end":{"line":26,"column":null}},"10":{"start":{"line":27,"column":22},"end":{"line":27,"column":null}},"11":{"start":{"line":31,"column":24},"end":{"line":31,"column":null}},"12":{"start":{"line":32,"column":4},"end":{"line":32,"column":null}},"13":{"start":{"line":34,"column":4},"end":{"line":34,"column":null}},"14":{"start":{"line":36,"column":4},"end":{"line":36,"column":null}},"15":{"start":{"line":37,"column":4},"end":{"line":37,"column":null}},"16":{"start":{"line":40,"column":4},"end":{"line":42,"column":null}},"17":{"start":{"line":41,"column":6},"end":{"line":41,"column":null}},"18":{"start":{"line":45,"column":2},"end":{"line":45,"column":null}}},"fnMap":{"0":{"name":"startInteractiveMode","decl":{"start":{"line":6,"column":22},"end":{"line":6,"column":45}},"loc":{"start":{"line":6,"column":45},"end":{"line":46,"column":null}},"line":6}},"branchMap":{"0":{"loc":{"start":{"line":12,"column":4},"end":{"line":15,"column":null}},"type":"if","locations":[{"start":{"line":12,"column":4},"end":{"line":15,"column":null}},{"start":{},"end":{}}],"line":12},"1":{"loc":{"start":{"line":40,"column":4},"end":{"line":42,"column":null}},"type":"if","locations":[{"start":{"line":40,"column":4},"end":{"line":42,"column":null}},{"start":{},"end":{}}],"line":40}},"s":{"0":3,"1":3,"2":3,"3":3,"4":1,"5":1,"6":2,"7":2,"8":2,"9":2,"10":2,"11":2,"12":2,"13":2,"14":2,"15":2,"16":1,"17":1,"18":3},"f":{"0":3},"b":{"0":[1,2],"1":[1,0]},"meta":{"lastBranch":2,"lastFunction":1,"lastStatement":19,"seen":{"f:6:22:6:45":0,"s:7:2:7:Infinity":0,"s:9:2:43:Infinity":1,"s:10:19:10:Infinity":2,"b:12:4:15:Infinity:undefined:undefined:undefined:undefined":0,"s:12:4:15:Infinity":3,"s:13:6:13:Infinity":4,"s:14:6:14:Infinity":5,"s:17:36:17:Infinity":6,"s:18:10:18:Infinity":7,"s:19:4:19:Infinity":8,"s:26:22:26:Infinity":9,"s:27:22:27:Infinity":10,"s:31:24:31:Infinity":11,"s:32:4:32:Infinity":12,"s:34:4:34:Infinity":13,"s:36:4:36:Infinity":14,"s:37:4:37:Infinity":15,"b:40:4:42:Infinity:undefined:undefined:undefined:undefined":1,"s:40:4:42:Infinity":16,"s:41:6:41:Infinity":17,"s:45:2:45:Infinity":18}}}
,"/Users/gabe/skx/src/wizard.ts": {"path":"/Users/gabe/skx/src/wizard.ts","statementMap":{"0":{"start":{"line":28,"column":16},"end":{"line":28,"column":null}},"1":{"start":{"line":29,"column":2},"end":{"line":29,"column":null}},"2":{"start":{"line":29,"column":14},"end":{"line":29,"column":null}},"3":{"start":{"line":31,"column":14},"end":{"line":31,"column":null}},"4":{"start":{"line":32,"column":28},"end":{"line":32,"column":null}},"5":{"start":{"line":33,"column":24},"end":{"line":33,"column":null}},"6":{"start":{"line":36,"column":25},"end":{"line":36,"column":null}},"7":{"start":{"line":37,"column":24},"end":{"line":37,"column":null}},"8":{"start":{"line":40,"column":20},"end":{"line":40,"column":null}},"9":{"start":{"line":41,"column":25},"end":{"line":49,"column":null}},"10":{"start":{"line":43,"column":35},"end":{"line":47,"column":6}},"11":{"start":{"line":46,"column":38},"end":{"line":46,"column":56}},"12":{"start":{"line":51,"column":2},"end":{"line":51,"column":null}},"13":{"start":{"line":51,"column":32},"end":{"line":51,"column":null}},"14":{"start":{"line":52,"column":16},"end":{"line":52,"column":null}},"15":{"start":{"line":55,"column":25},"end":{"line":62,"column":null}},"16":{"start":{"line":64,"column":2},"end":{"line":64,"column":null}},"17":{"start":{"line":64,"column":32},"end":{"line":64,"column":null}},"18":{"start":{"line":65,"column":16},"end":{"line":65,"column":null}},"19":{"start":{"line":68,"column":2},"end":{"line":77,"column":null}},"20":{"start":{"line":79,"column":20},"end":{"line":81,"column":null}},"21":{"start":{"line":83,"column":2},"end":{"line":83,"column":null}},"22":{"start":{"line":83,"column":41},"end":{"line":83,"column":null}},"23":{"start":{"line":85,"column":2},"end":{"line":85,"column":null}}},"fnMap":{"0":{"name":"runWizard","decl":{"start":{"line":26,"column":22},"end":{"line":26,"column":69}},"loc":{"start":{"line":26,"column":69},"end":{"line":86,"column":null}},"line":26},"1":{"name":"(anonymous_1)","decl":{"start":{"line":43,"column":27},"end":{"line":43,"column":28}},"loc":{"start":{"line":43,"column":35},"end":{"line":47,"column":6}},"line":43},"2":{"name":"(anonymous_2)","decl":{"start":{"line":46,"column":32},"end":{"line":46,"column":38}},"loc":{"start":{"line":46,"column":38},"end":{"line":46,"column":56}},"line":46}},"branchMap":{"0":{"loc":{"start":{"line":29,"column":2},"end":{"line":29,"column":null}},"type":"if","locations":[{"start":{"line":29,"column":2},"end":{"line":29,"column":null}},{"start":{},"end":{}}],"line":29},"1":{"loc":{"start":{"line":46,"column":12},"end":{"line":46,"column":null}},"type":"cond-expr","locations":[{"start":{"line":46,"column":60},"end":{"line":46,"column":75}},{"start":{"line":46,"column":75},"end":{"line":46,"column":null}}],"line":46},"2":{"loc":{"start":{"line":48,"column":18},"end":{"line":48,"column":null}},"type":"cond-expr","locations":[{"start":{"line":48,"column":46},"end":{"line":48,"column":66}},{"start":{"line":48,"column":66},"end":{"line":48,"column":null}}],"line":48},"3":{"loc":{"start":{"line":51,"column":2},"end":{"line":51,"column":null}},"type":"if","locations":[{"start":{"line":51,"column":2},"end":{"line":51,"column":null}},{"start":{},"end":{}}],"line":51},"4":{"loc":{"start":{"line":64,"column":2},"end":{"line":64,"column":null}},"type":"if","locations":[{"start":{"line":64,"column":2},"end":{"line":64,"column":null}},{"start":{},"end":{}}],"line":64},"5":{"loc":{"start":{"line":83,"column":2},"end":{"line":83,"column":null}},"type":"if","locations":[{"start":{"line":83,"column":2},"end":{"line":83,"column":null}},{"start":{},"end":{}}],"line":83},"6":{"loc":{"start":{"line":83,"column":2},"end":{"line":83,"column":41}},"type":"binary-expr","locations":[{"start":{"line":83,"column":2},"end":{"line":83,"column":29}},{"start":{"line":83,"column":29},"end":{"line":83,"column":41}}],"line":83}},"s":{"0":2,"1":2,"2":1,"3":1,"4":1,"5":1,"6":1,"7":1,"8":1,"9":1,"10":1,"11":1,"12":1,"13":0,"14":1,"15":1,"16":1,"17":0,"18":1,"19":1,"20":1,"21":1,"22":0,"23":1},"f":{"0":2,"1":1,"2":1},"b":{"0":[1,1],"1":[1,0],"2":[1,0],"3":[0,1],"4":[0,1],"5":[0,1],"6":[1,1]},"meta":{"lastBranch":7,"lastFunction":3,"lastStatement":24,"seen":{"f:26:22:26:69":0,"s:28:16:28:Infinity":0,"b:29:2:29:Infinity:undefined:undefined:undefined:undefined":0,"s:29:2:29:Infinity":1,"s:29:14:29:Infinity":2,"s:31:14:31:Infinity":3,"s:32:28:32:Infinity":4,"s:33:24:33:Infinity":5,"s:36:25:36:Infinity":6,"s:37:24:37:Infinity":7,"s:40:20:40:Infinity":8,"s:41:25:49:Infinity":9,"f:43:27:43:28":1,"s:43:35:47:6":10,"b:46:60:46:75:46:75:46:Infinity":1,"f:46:32:46:38":2,"s:46:38:46:56":11,"b:48:46:48:66:48:66:48:Infinity":2,"b:51:2:51:Infinity:undefined:undefined:undefined:undefined":3,"s:51:2:51:Infinity":12,"s:51:32:51:Infinity":13,"s:52:16:52:Infinity":14,"s:55:25:62:Infinity":15,"b:64:2:64:Infinity:undefined:undefined:undefined:undefined":4,"s:64:2:64:Infinity":16,"s:64:32:64:Infinity":17,"s:65:16:65:Infinity":18,"s:68:2:77:Infinity":19,"s:79:20:81:Infinity":20,"b:83:2:83:Infinity:undefined:undefined:undefined:undefined":5,"s:83:2:83:Infinity":21,"b:83:2:83:29:83:29:83:41":6,"s:83:41:83:Infinity":22,"s:85:2:85:Infinity":23}}}
,"/Users/gabe/skx/src/adapters/claude.ts": {"path":"/Users/gabe/skx/src/adapters/claude.ts","statementMap":{"0":{"start":{"line":7,"column":9},"end":{"line":7,"column":null}},"1":{"start":{"line":10,"column":25},"end":{"line":10,"column":null}},"2":{"start":{"line":11,"column":25},"end":{"line":11,"column":null}},"3":{"start":{"line":12,"column":4},"end":{"line":12,"column":null}},"4":{"start":{"line":16,"column":4},"end":{"line":35,"column":null}},"5":{"start":{"line":17,"column":25},"end":{"line":17,"column":null}},"6":{"start":{"line":18,"column":25},"end":{"line":18,"column":null}},"7":{"start":{"line":21,"column":6},"end":{"line":23,"column":null}},"8":{"start":{"line":22,"column":8},"end":{"line":22,"column":null}},"9":{"start":{"line":26,"column":6},"end":{"line":28,"column":null}},"10":{"start":{"line":27,"column":8},"end":{"line":27,"column":null}},"11":{"start":{"line":31,"column":6},"end":{"line":31,"column":null}},"12":{"start":{"line":34,"column":6},"end":{"line":34,"column":null}},"13":{"start":{"line":39,"column":4},"end":{"line":43,"column":null}},"14":{"start":{"line":47,"column":24},"end":{"line":47,"column":null}},"15":{"start":{"line":48,"column":4},"end":{"line":50,"column":null}},"16":{"start":{"line":49,"column":6},"end":{"line":49,"column":null}},"17":{"start":{"line":52,"column":20},"end":{"line":52,"column":null}},"18":{"start":{"line":53,"column":29},"end":{"line":53,"column":null}},"19":{"start":{"line":55,"column":4},"end":{"line":70,"column":null}},"20":{"start":{"line":56,"column":6},"end":{"line":69,"column":null}},"21":{"start":{"line":57,"column":8},"end":{"line":68,"column":null}},"22":{"start":{"line":59,"column":28},"end":{"line":59,"column":null}},"23":{"start":{"line":60,"column":31},"end":{"line":60,"column":null}},"24":{"start":{"line":61,"column":10},"end":{"line":65,"column":null}},"25":{"start":{"line":62,"column":12},"end":{"line":64,"column":null}},"26":{"start":{"line":63,"column":14},"end":{"line":63,"column":null}},"27":{"start":{"line":66,"column":8},"end":{"line":68,"column":null}},"28":{"start":{"line":67,"column":10},"end":{"line":67,"column":null}},"29":{"start":{"line":72,"column":4},"end":{"line":72,"column":null}},"30":{"start":{"line":76,"column":24},"end":{"line":76,"column":null}},"31":{"start":{"line":77,"column":22},"end":{"line":77,"column":null}},"32":{"start":{"line":80,"column":4},"end":{"line":82,"column":null}},"33":{"start":{"line":81,"column":8},"end":{"line":81,"column":null}},"34":{"start":{"line":84,"column":4},"end":{"line":84,"column":null}}},"fnMap":{"0":{"name":"(anonymous_0)","decl":{"start":{"line":9,"column":8},"end":{"line":9,"column":15}},"loc":{"start":{"line":9,"column":46},"end":{"line":13,"column":null}},"line":9},"1":{"name":"(anonymous_1)","decl":{"start":{"line":15,"column":8},"end":{"line":15,"column":28}},"loc":{"start":{"line":15,"column":72},"end":{"line":36,"column":null}},"line":15},"2":{"name":"(anonymous_2)","decl":{"start":{"line":38,"column":2},"end":{"line":38,"column":39}},"loc":{"start":{"line":38,"column":39},"end":{"line":44,"column":null}},"line":38},"3":{"name":"(anonymous_3)","decl":{"start":{"line":46,"column":8},"end":{"line":46,"column":19}},"loc":{"start":{"line":46,"column":65},"end":{"line":73,"column":null}},"line":46},"4":{"name":"(anonymous_4)","decl":{"start":{"line":75,"column":8},"end":{"line":75,"column":23}},"loc":{"start":{"line":75,"column":86},"end":{"line":85,"column":null}},"line":75}},"branchMap":{"0":{"loc":{"start":{"line":12,"column":11},"end":{"line":12,"column":null}},"type":"binary-expr","locations":[{"start":{"line":12,"column":11},"end":{"line":12,"column":27}},{"start":{"line":12,"column":27},"end":{"line":12,"column":null}}],"line":12},"1":{"loc":{"start":{"line":16,"column":4},"end":{"line":35,"column":null}},"type":"if","locations":[{"start":{"line":16,"column":4},"end":{"line":35,"column":null}},{"start":{"line":32,"column":11},"end":{"line":35,"column":null}}],"line":16},"2":{"loc":{"start":{"line":21,"column":6},"end":{"line":23,"column":null}},"type":"if","locations":[{"start":{"line":21,"column":6},"end":{"line":23,"column":null}},{"start":{},"end":{}}],"line":21},"3":{"loc":{"start":{"line":26,"column":6},"end":{"line":28,"column":null}},"type":"if","locations":[{"start":{"line":26,"column":6},"end":{"line":28,"column":null}},{"start":{},"end":{}}],"line":26},"4":{"loc":{"start":{"line":48,"column":4},"end":{"line":50,"column":null}},"type":"if","locations":[{"start":{"line":48,"column":4},"end":{"line":50,"column":null}},{"start":{},"end":{}}],"line":48},"5":{"loc":{"start":{"line":56,"column":6},"end":{"line":69,"column":null}},"type":"if","locations":[{"start":{"line":56,"column":6},"end":{"line":69,"column":null}},{"start":{},"end":{}}],"line":56},"6":{"loc":{"start":{"line":57,"column":8},"end":{"line":68,"column":null}},"type":"if","locations":[{"start":{"line":57,"column":8},"end":{"line":68,"column":null}},{"start":{"line":66,"column":8},"end":{"line":68,"column":null}}],"line":57},"7":{"loc":{"start":{"line":62,"column":12},"end":{"line":64,"column":null}},"type":"if","locations":[{"start":{"line":62,"column":12},"end":{"line":64,"column":null}},{"start":{},"end":{}}],"line":62},"8":{"loc":{"start":{"line":66,"column":8},"end":{"line":68,"column":null}},"type":"if","locations":[{"start":{"line":66,"column":8},"end":{"line":68,"column":null}},{"start":{},"end":{}}],"line":66},"9":{"loc":{"start":{"line":80,"column":4},"end":{"line":82,"column":null}},"type":"if","locations":[{"start":{"line":80,"column":4},"end":{"line":82,"column":null}},{"start":{},"end":{}}],"line":80}},"s":{"0":10,"1":4,"2":4,"3":4,"4":10,"5":9,"6":9,"7":9,"8":6,"9":3,"10":1,"11":2,"12":1,"13":1,"14":3,"15":3,"16":1,"17":2,"18":2,"19":2,"20":5,"21":4,"22":1,"23":1,"24":1,"25":1,"26":1,"27":3,"28":3,"29":2,"30":2,"31":2,"32":2,"33":0,"34":2},"f":{"0":4,"1":10,"2":1,"3":3,"4":2},"b":{"0":[4,2],"1":[9,1],"2":[6,3],"3":[1,2],"4":[1,2],"5":[4,1],"6":[1,3],"7":[1,0],"8":[3,0],"9":[0,2]},"meta":{"lastBranch":10,"lastFunction":5,"lastStatement":35,"seen":{"s:7:9:7:Infinity":0,"f:9:8:9:15":0,"s:10:25:10:Infinity":1,"s:11:25:11:Infinity":2,"s:12:4:12:Infinity":3,"b:12:11:12:27:12:27:12:Infinity":0,"f:15:8:15:28":1,"b:16:4:35:Infinity:32:11:35:Infinity":1,"s:16:4:35:Infinity":4,"s:17:25:17:Infinity":5,"s:18:25:18:Infinity":6,"b:21:6:23:Infinity:undefined:undefined:undefined:undefined":2,"s:21:6:23:Infinity":7,"s:22:8:22:Infinity":8,"b:26:6:28:Infinity:undefined:undefined:undefined:undefined":3,"s:26:6:28:Infinity":9,"s:27:8:27:Infinity":10,"s:31:6:31:Infinity":11,"s:34:6:34:Infinity":12,"f:38:2:38:39":2,"s:39:4:43:Infinity":13,"f:46:8:46:19":3,"s:47:24:47:Infinity":14,"b:48:4:50:Infinity:undefined:undefined:undefined:undefined":4,"s:48:4:50:Infinity":15,"s:49:6:49:Infinity":16,"s:52:20:52:Infinity":17,"s:53:29:53:Infinity":18,"s:55:4:70:Infinity":19,"b:56:6:69:Infinity:undefined:undefined:undefined:undefined":5,"s:56:6:69:Infinity":20,"b:57:8:68:Infinity:66:8:68:Infinity":6,"s:57:8:68:Infinity":21,"s:59:28:59:Infinity":22,"s:60:31:60:Infinity":23,"s:61:10:65:Infinity":24,"b:62:12:64:Infinity:undefined:undefined:undefined:undefined":7,"s:62:12:64:Infinity":25,"s:63:14:63:Infinity":26,"b:66:8:68:Infinity:undefined:undefined:undefined:undefined":8,"s:66:8:68:Infinity":27,"s:67:10:67:Infinity":28,"s:72:4:72:Infinity":29,"f:75:8:75:23":4,"s:76:24:76:Infinity":30,"s:77:22:77:Infinity":31,"b:80:4:82:Infinity:undefined:undefined:undefined:undefined":9,"s:80:4:82:Infinity":32,"s:81:8:81:Infinity":33,"s:84:4:84:Infinity":34}}}
,"/Users/gabe/skx/src/adapters/codex.ts": {"path":"/Users/gabe/skx/src/adapters/codex.ts","statementMap":{"0":{"start":{"line":7,"column":9},"end":{"line":7,"column":null}},"1":{"start":{"line":10,"column":26},"end":{"line":10,"column":null}},"2":{"start":{"line":11,"column":25},"end":{"line":11,"column":null}},"3":{"start":{"line":12,"column":4},"end":{"line":12,"column":null}},"4":{"start":{"line":16,"column":4},"end":{"line":22,"column":null}},"5":{"start":{"line":18,"column":6},"end":{"line":18,"column":null}},"6":{"start":{"line":21,"column":6},"end":{"line":21,"column":null}},"7":{"start":{"line":26,"column":4},"end":{"line":30,"column":null}},"8":{"start":{"line":34,"column":24},"end":{"line":34,"column":null}},"9":{"start":{"line":35,"column":4},"end":{"line":37,"column":null}},"10":{"start":{"line":36,"column":6},"end":{"line":36,"column":null}},"11":{"start":{"line":39,"column":20},"end":{"line":39,"column":null}},"12":{"start":{"line":40,"column":29},"end":{"line":40,"column":null}},"13":{"start":{"line":42,"column":4},"end":{"line":57,"column":null}},"14":{"start":{"line":43,"column":6},"end":{"line":56,"column":null}},"15":{"start":{"line":44,"column":8},"end":{"line":55,"column":null}},"16":{"start":{"line":46,"column":28},"end":{"line":46,"column":null}},"17":{"start":{"line":47,"column":31},"end":{"line":47,"column":null}},"18":{"start":{"line":48,"column":10},"end":{"line":52,"column":null}},"19":{"start":{"line":49,"column":12},"end":{"line":51,"column":null}},"20":{"start":{"line":50,"column":14},"end":{"line":50,"column":null}},"21":{"start":{"line":53,"column":8},"end":{"line":55,"column":null}},"22":{"start":{"line":54,"column":10},"end":{"line":54,"column":null}},"23":{"start":{"line":59,"column":4},"end":{"line":59,"column":null}},"24":{"start":{"line":63,"column":24},"end":{"line":63,"column":null}},"25":{"start":{"line":64,"column":22},"end":{"line":64,"column":null}},"26":{"start":{"line":67,"column":4},"end":{"line":69,"column":null}},"27":{"start":{"line":68,"column":8},"end":{"line":68,"column":null}},"28":{"start":{"line":71,"column":4},"end":{"line":71,"column":null}}},"fnMap":{"0":{"name":"(anonymous_0)","decl":{"start":{"line":9,"column":8},"end":{"line":9,"column":15}},"loc":{"start":{"line":9,"column":46},"end":{"line":13,"column":null}},"line":9},"1":{"name":"(anonymous_1)","decl":{"start":{"line":15,"column":8},"end":{"line":15,"column":28}},"loc":{"start":{"line":15,"column":72},"end":{"line":23,"column":null}},"line":15},"2":{"name":"(anonymous_2)","decl":{"start":{"line":25,"column":2},"end":{"line":25,"column":39}},"loc":{"start":{"line":25,"column":39},"end":{"line":31,"column":null}},"line":25},"3":{"name":"(anonymous_3)","decl":{"start":{"line":33,"column":8},"end":{"line":33,"column":19}},"loc":{"start":{"line":33,"column":65},"end":{"line":60,"column":null}},"line":33},"4":{"name":"(anonymous_4)","decl":{"start":{"line":62,"column":8},"end":{"line":62,"column":23}},"loc":{"start":{"line":62,"column":86},"end":{"line":72,"column":null}},"line":62}},"branchMap":{"0":{"loc":{"start":{"line":12,"column":11},"end":{"line":12,"column":null}},"type":"binary-expr","locations":[{"start":{"line":12,"column":11},"end":{"line":12,"column":28}},{"start":{"line":12,"column":28},"end":{"line":12,"column":null}}],"line":12},"1":{"loc":{"start":{"line":16,"column":4},"end":{"line":22,"column":null}},"type":"if","locations":[{"start":{"line":16,"column":4},"end":{"line":22,"column":null}},{"start":{"line":19,"column":11},"end":{"line":22,"column":null}}],"line":16},"2":{"loc":{"start":{"line":35,"column":4},"end":{"line":37,"column":null}},"type":"if","locations":[{"start":{"line":35,"column":4},"end":{"line":37,"column":null}},{"start":{},"end":{}}],"line":35},"3":{"loc":{"start":{"line":43,"column":6},"end":{"line":56,"column":null}},"type":"if","locations":[{"start":{"line":43,"column":6},"end":{"line":56,"column":null}},{"start":{},"end":{}}],"line":43},"4":{"loc":{"start":{"line":44,"column":8},"end":{"line":55,"column":null}},"type":"if","locations":[{"start":{"line":44,"column":8},"end":{"line":55,"column":null}},{"start":{"line":53,"column":8},"end":{"line":55,"column":null}}],"line":44},"5":{"loc":{"start":{"line":49,"column":12},"end":{"line":51,"column":null}},"type":"if","locations":[{"start":{"line":49,"column":12},"end":{"line":51,"column":null}},{"start":{},"end":{}}],"line":49},"6":{"loc":{"start":{"line":53,"column":8},"end":{"line":55,"column":null}},"type":"if","locations":[{"start":{"line":53,"column":8},"end":{"line":55,"column":null}},{"start":{},"end":{}}],"line":53},"7":{"loc":{"start":{"line":67,"column":4},"end":{"line":69,"column":null}},"type":"if","locations":[{"start":{"line":67,"column":4},"end":{"line":69,"column":null}},{"start":{},"end":{}}],"line":67}},"s":{"0":6,"1":3,"2":3,"3":3,"4":7,"5":6,"6":1,"7":0,"8":3,"9":3,"10":1,"11":2,"12":2,"13":2,"14":5,"15":4,"16":1,"17":1,"18":1,"19":1,"20":1,"21":3,"22":3,"23":2,"24":2,"25":2,"26":2,"27":0,"28":2},"f":{"0":3,"1":7,"2":0,"3":3,"4":2},"b":{"0":[3,2],"1":[6,1],"2":[1,2],"3":[4,1],"4":[1,3],"5":[1,0],"6":[3,0],"7":[0,2]},"meta":{"lastBranch":8,"lastFunction":5,"lastStatement":29,"seen":{"s:7:9:7:Infinity":0,"f:9:8:9:15":0,"s:10:26:10:Infinity":1,"s:11:25:11:Infinity":2,"s:12:4:12:Infinity":3,"b:12:11:12:28:12:28:12:Infinity":0,"f:15:8:15:28":1,"b:16:4:22:Infinity:19:11:22:Infinity":1,"s:16:4:22:Infinity":4,"s:18:6:18:Infinity":5,"s:21:6:21:Infinity":6,"f:25:2:25:39":2,"s:26:4:30:Infinity":7,"f:33:8:33:19":3,"s:34:24:34:Infinity":8,"b:35:4:37:Infinity:undefined:undefined:undefined:undefined":2,"s:35:4:37:Infinity":9,"s:36:6:36:Infinity":10,"s:39:20:39:Infinity":11,"s:40:29:40:Infinity":12,"s:42:4:57:Infinity":13,"b:43:6:56:Infinity:undefined:undefined:undefined:undefined":3,"s:43:6:56:Infinity":14,"b:44:8:55:Infinity:53:8:55:Infinity":4,"s:44:8:55:Infinity":15,"s:46:28:46:Infinity":16,"s:47:31:47:Infinity":17,"s:48:10:52:Infinity":18,"b:49:12:51:Infinity:undefined:undefined:undefined:undefined":5,"s:49:12:51:Infinity":19,"s:50:14:50:Infinity":20,"b:53:8:55:Infinity:undefined:undefined:undefined:undefined":6,"s:53:8:55:Infinity":21,"s:54:10:54:Infinity":22,"s:59:4:59:Infinity":23,"f:62:8:62:23":4,"s:63:24:63:Infinity":24,"s:64:22:64:Infinity":25,"b:67:4:69:Infinity:undefined:undefined:undefined:undefined":7,"s:67:4:69:Infinity":26,"s:68:8:68:Infinity":27,"s:71:4:71:Infinity":28}}}
,"/Users/gabe/skx/src/adapters/gemini.ts": {"path":"/Users/gabe/skx/src/adapters/gemini.ts","statementMap":{"0":{"start":{"line":7,"column":9},"end":{"line":7,"column":null}},"1":{"start":{"line":10,"column":4},"end":{"line":10,"column":null}},"2":{"start":{"line":14,"column":4},"end":{"line":19,"column":null}},"3":{"start":{"line":15,"column":6},"end":{"line":15,"column":null}},"4":{"start":{"line":18,"column":6},"end":{"line":18,"column":null}},"5":{"start":{"line":23,"column":4},"end":{"line":27,"column":null}},"6":{"start":{"line":31,"column":24},"end":{"line":31,"column":null}},"7":{"start":{"line":32,"column":4},"end":{"line":34,"column":null}},"8":{"start":{"line":33,"column":6},"end":{"line":33,"column":null}},"9":{"start":{"line":36,"column":20},"end":{"line":36,"column":null}},"10":{"start":{"line":37,"column":29},"end":{"line":37,"column":null}},"11":{"start":{"line":39,"column":4},"end":{"line":54,"column":null}},"12":{"start":{"line":40,"column":6},"end":{"line":53,"column":null}},"13":{"start":{"line":41,"column":8},"end":{"line":52,"column":null}},"14":{"start":{"line":43,"column":28},"end":{"line":43,"column":null}},"15":{"start":{"line":44,"column":31},"end":{"line":44,"column":null}},"16":{"start":{"line":45,"column":10},"end":{"line":49,"column":null}},"17":{"start":{"line":46,"column":12},"end":{"line":48,"column":null}},"18":{"start":{"line":47,"column":14},"end":{"line":47,"column":null}},"19":{"start":{"line":50,"column":8},"end":{"line":52,"column":null}},"20":{"start":{"line":51,"column":10},"end":{"line":51,"column":null}},"21":{"start":{"line":56,"column":4},"end":{"line":56,"column":null}},"22":{"start":{"line":60,"column":24},"end":{"line":60,"column":null}},"23":{"start":{"line":61,"column":22},"end":{"line":61,"column":null}},"24":{"start":{"line":64,"column":4},"end":{"line":66,"column":null}},"25":{"start":{"line":65,"column":8},"end":{"line":65,"column":null}},"26":{"start":{"line":68,"column":4},"end":{"line":68,"column":null}}},"fnMap":{"0":{"name":"(anonymous_0)","decl":{"start":{"line":9,"column":8},"end":{"line":9,"column":15}},"loc":{"start":{"line":9,"column":46},"end":{"line":11,"column":null}},"line":9},"1":{"name":"(anonymous_1)","decl":{"start":{"line":13,"column":8},"end":{"line":13,"column":28}},"loc":{"start":{"line":13,"column":72},"end":{"line":20,"column":null}},"line":13},"2":{"name":"(anonymous_2)","decl":{"start":{"line":22,"column":2},"end":{"line":22,"column":39}},"loc":{"start":{"line":22,"column":39},"end":{"line":28,"column":null}},"line":22},"3":{"name":"(anonymous_3)","decl":{"start":{"line":30,"column":8},"end":{"line":30,"column":19}},"loc":{"start":{"line":30,"column":65},"end":{"line":57,"column":null}},"line":30},"4":{"name":"(anonymous_4)","decl":{"start":{"line":59,"column":8},"end":{"line":59,"column":23}},"loc":{"start":{"line":59,"column":86},"end":{"line":69,"column":null}},"line":59}},"branchMap":{"0":{"loc":{"start":{"line":14,"column":4},"end":{"line":19,"column":null}},"type":"if","locations":[{"start":{"line":14,"column":4},"end":{"line":19,"column":null}},{"start":{"line":16,"column":11},"end":{"line":19,"column":null}}],"line":14},"1":{"loc":{"start":{"line":32,"column":4},"end":{"line":34,"column":null}},"type":"if","locations":[{"start":{"line":32,"column":4},"end":{"line":34,"column":null}},{"start":{},"end":{}}],"line":32},"2":{"loc":{"start":{"line":40,"column":6},"end":{"line":53,"column":null}},"type":"if","locations":[{"start":{"line":40,"column":6},"end":{"line":53,"column":null}},{"start":{},"end":{}}],"line":40},"3":{"loc":{"start":{"line":41,"column":8},"end":{"line":52,"column":null}},"type":"if","locations":[{"start":{"line":41,"column":8},"end":{"line":52,"column":null}},{"start":{"line":50,"column":8},"end":{"line":52,"column":null}}],"line":41},"4":{"loc":{"start":{"line":46,"column":12},"end":{"line":48,"column":null}},"type":"if","locations":[{"start":{"line":46,"column":12},"end":{"line":48,"column":null}},{"start":{},"end":{}}],"line":46},"5":{"loc":{"start":{"line":50,"column":8},"end":{"line":52,"column":null}},"type":"if","locations":[{"start":{"line":50,"column":8},"end":{"line":52,"column":null}},{"start":{},"end":{}}],"line":50},"6":{"loc":{"start":{"line":64,"column":4},"end":{"line":66,"column":null}},"type":"if","locations":[{"start":{"line":64,"column":4},"end":{"line":66,"column":null}},{"start":{},"end":{}}],"line":64}},"s":{"0":10,"1":3,"2":13,"3":10,"4":3,"5":2,"6":7,"7":7,"8":3,"9":4,"10":4,"11":4,"12":7,"13":6,"14":1,"15":1,"16":1,"17":1,"18":1,"19":5,"20":5,"21":4,"22":3,"23":3,"24":3,"25":0,"26":3},"f":{"0":3,"1":13,"2":2,"3":7,"4":3},"b":{"0":[10,3],"1":[3,4],"2":[6,1],"3":[1,5],"4":[1,0],"5":[5,0],"6":[0,3]},"meta":{"lastBranch":7,"lastFunction":5,"lastStatement":27,"seen":{"s:7:9:7:Infinity":0,"f:9:8:9:15":0,"s:10:4:10:Infinity":1,"f:13:8:13:28":1,"b:14:4:19:Infinity:16:11:19:Infinity":0,"s:14:4:19:Infinity":2,"s:15:6:15:Infinity":3,"s:18:6:18:Infinity":4,"f:22:2:22:39":2,"s:23:4:27:Infinity":5,"f:30:8:30:19":3,"s:31:24:31:Infinity":6,"b:32:4:34:Infinity:undefined:undefined:undefined:undefined":1,"s:32:4:34:Infinity":7,"s:33:6:33:Infinity":8,"s:36:20:36:Infinity":9,"s:37:29:37:Infinity":10,"s:39:4:54:Infinity":11,"b:40:6:53:Infinity:undefined:undefined:undefined:undefined":2,"s:40:6:53:Infinity":12,"b:41:8:52:Infinity:50:8:52:Infinity":3,"s:41:8:52:Infinity":13,"s:43:28:43:Infinity":14,"s:44:31:44:Infinity":15,"s:45:10:49:Infinity":16,"b:46:12:48:Infinity:undefined:undefined:undefined:undefined":4,"s:46:12:48:Infinity":17,"s:47:14:47:Infinity":18,"b:50:8:52:Infinity:undefined:undefined:undefined:undefined":5,"s:50:8:52:Infinity":19,"s:51:10:51:Infinity":20,"s:56:4:56:Infinity":21,"f:59:8:59:23":4,"s:60:24:60:Infinity":22,"s:61:22:61:Infinity":23,"b:64:4:66:Infinity:undefined:undefined:undefined:undefined":6,"s:64:4:66:Infinity":24,"s:65:8:65:Infinity":25,"s:68:4:68:Infinity":26}}}
,"/Users/gabe/skx/src/types/adapter.ts": {"path":"/Users/gabe/skx/src/types/adapter.ts","statementMap":{"0":{"start":{"line":1,"column":7},"end":{"line":1,"column":null}},"1":{"start":{"line":2,"column":2},"end":{"line":2,"column":null}},"2":{"start":{"line":3,"column":2},"end":{"line":3,"column":null}},"3":{"start":{"line":4,"column":2},"end":{"line":4,"column":null}},"4":{"start":{"line":1,"column":12},"end":{"line":1,"column":null}}},"fnMap":{"0":{"name":"(anonymous_0)","decl":{"start":{"line":1,"column":7},"end":{"line":1,"column":12}},"loc":{"start":{"line":1,"column":7},"end":{"line":1,"column":null}},"line":1}},"branchMap":{"0":{"loc":{"start":{"line":1,"column":12},"end":{"line":1,"column":null}},"type":"binary-expr","locations":[{"start":{"line":1,"column":12},"end":{"line":1,"column":null}},{"start":{"line":1,"column":12},"end":{"line":1,"column":null}}],"line":1}},"s":{"0":17,"1":17,"2":17,"3":17,"4":17},"f":{"0":17},"b":{"0":[17,17]},"meta":{"lastBranch":1,"lastFunction":1,"lastStatement":5,"seen":{"s:1:7:1:Infinity":0,"f:1:7:1:12":0,"s:2:2:2:Infinity":1,"s:3:2:3:Infinity":2,"s:4:2:4:Infinity":3,"s:1:12:1:Infinity":4,"b:1:12:1:Infinity:1:12:1:Infinity":0}}}
,"/Users/gabe/skx/src/utils/adapters.ts": {"path":"/Users/gabe/skx/src/utils/adapters.ts","statementMap":{"0":{"start":{"line":4,"column":64},"end":{"line":4,"column":null}},"1":{"start":{"line":7,"column":4},"end":{"line":7,"column":null}},"2":{"start":{"line":11,"column":4},"end":{"line":11,"column":null}},"3":{"start":{"line":15,"column":4},"end":{"line":15,"column":null}},"4":{"start":{"line":19,"column":4},"end":{"line":19,"column":null}}},"fnMap":{"0":{"name":"(anonymous_0)","decl":{"start":{"line":6,"column":9},"end":{"line":6,"column":18}},"loc":{"start":{"line":6,"column":56},"end":{"line":8,"column":null}},"line":6},"1":{"name":"(anonymous_1)","decl":{"start":{"line":10,"column":9},"end":{"line":10,"column":13}},"loc":{"start":{"line":10,"column":62},"end":{"line":12,"column":null}},"line":10},"2":{"name":"(anonymous_2)","decl":{"start":{"line":14,"column":9},"end":{"line":14,"column":43}},"loc":{"start":{"line":14,"column":43},"end":{"line":16,"column":null}},"line":14},"3":{"name":"(anonymous_3)","decl":{"start":{"line":18,"column":9},"end":{"line":18,"column":23}},"loc":{"start":{"line":18,"column":23},"end":{"line":20,"column":null}},"line":18}},"branchMap":{},"s":{"0":13,"1":20,"2":6,"3":12,"4":15},"f":{"0":13,"1":13,"2":13,"3":13},"b":{},"meta":{"lastBranch":0,"lastFunction":4,"lastStatement":5,"seen":{"s:4:64:4:Infinity":0,"f:6:9:6:18":0,"s:7:4:7:Infinity":1,"f:10:9:10:13":1,"s:11:4:11:Infinity":2,"f:14:9:14:43":2,"s:15:4:15:Infinity":3,"f:18:9:18:23":3,"s:19:4:19:Infinity":4}}}
,"/Users/gabe/skx/src/utils/downloader.ts": {"path":"/Users/gabe/skx/src/utils/downloader.ts","statementMap":{"0":{"start":{"line":5,"column":19},"end":{"line":5,"column":null}},"1":{"start":{"line":8,"column":10},"end":{"line":12,"column":null}},"2":{"start":{"line":14,"column":4},"end":{"line":14,"column":null}},"3":{"start":{"line":18,"column":21},"end":{"line":18,"column":null}},"4":{"start":{"line":20,"column":4},"end":{"line":32,"column":null}},"5":{"start":{"line":21,"column":33},"end":{"line":21,"column":null}},"6":{"start":{"line":22,"column":8},"end":{"line":31,"column":null}},"7":{"start":{"line":23,"column":27},"end":{"line":23,"column":null}},"8":{"start":{"line":24,"column":28},"end":{"line":24,"column":null}},"9":{"start":{"line":25,"column":28},"end":{"line":25,"column":null}},"10":{"start":{"line":27,"column":13},"end":{"line":29,"column":null}},"11":{"start":{"line":28,"column":17},"end":{"line":28,"column":null}},"12":{"start":{"line":30,"column":13},"end":{"line":30,"column":null}},"13":{"start":{"line":34,"column":4},"end":{"line":34,"column":null}}},"fnMap":{"0":{"name":"(anonymous_0)","decl":{"start":{"line":4,"column":15},"end":{"line":4,"column":24}},"loc":{"start":{"line":4,"column":71},"end":{"line":15,"column":null}},"line":4},"1":{"name":"(anonymous_1)","decl":{"start":{"line":17,"column":17},"end":{"line":17,"column":26}},"loc":{"start":{"line":17,"column":47},"end":{"line":35,"column":null}},"line":17}},"branchMap":{"0":{"loc":{"start":{"line":20,"column":4},"end":{"line":32,"column":null}},"type":"if","locations":[{"start":{"line":20,"column":4},"end":{"line":32,"column":null}},{"start":{},"end":{}}],"line":20},"1":{"loc":{"start":{"line":22,"column":8},"end":{"line":31,"column":null}},"type":"if","locations":[{"start":{"line":22,"column":8},"end":{"line":31,"column":null}},{"start":{},"end":{}}],"line":22},"2":{"loc":{"start":{"line":27,"column":13},"end":{"line":29,"column":null}},"type":"if","locations":[{"start":{"line":27,"column":13},"end":{"line":29,"column":null}},{"start":{},"end":{}}],"line":27}},"s":{"0":3,"1":3,"2":3,"3":3,"4":3,"5":1,"6":1,"7":1,"8":1,"9":1,"10":1,"11":1,"12":0,"13":2},"f":{"0":9,"1":9},"b":{"0":[1,2],"1":[1,0],"2":[1,0]},"meta":{"lastBranch":3,"lastFunction":2,"lastStatement":14,"seen":{"f:4:15:4:24":0,"s:5:19:5:Infinity":0,"s:8:10:12:Infinity":1,"s:14:4:14:Infinity":2,"f:17:17:17:26":1,"s:18:21:18:Infinity":3,"b:20:4:32:Infinity:undefined:undefined:undefined:undefined":0,"s:20:4:32:Infinity":4,"s:21:33:21:Infinity":5,"b:22:8:31:Infinity:undefined:undefined:undefined:undefined":1,"s:22:8:31:Infinity":6,"s:23:27:23:Infinity":7,"s:24:28:24:Infinity":8,"s:25:28:25:Infinity":9,"b:27:13:29:Infinity:undefined:undefined:undefined:undefined":2,"s:27:13:29:Infinity":10,"s:28:17:28:Infinity":11,"s:30:13:30:Infinity":12,"s:34:4:34:Infinity":13}}}
,"/Users/gabe/skx/src/utils/framework-resolver.ts": {"path":"/Users/gabe/skx/src/utils/framework-resolver.ts","statementMap":{"0":{"start":{"line":7,"column":21},"end":{"line":7,"column":null}},"1":{"start":{"line":8,"column":54},"end":{"line":8,"column":null}},"2":{"start":{"line":10,"column":4},"end":{"line":14,"column":null}},"3":{"start":{"line":11,"column":6},"end":{"line":13,"column":null}},"4":{"start":{"line":12,"column":8},"end":{"line":12,"column":null}},"5":{"start":{"line":15,"column":4},"end":{"line":15,"column":null}},"6":{"start":{"line":20,"column":4},"end":{"line":26,"column":null}},"7":{"start":{"line":21,"column":22},"end":{"line":21,"column":null}},"8":{"start":{"line":22,"column":6},"end":{"line":24,"column":null}},"9":{"start":{"line":23,"column":8},"end":{"line":23,"column":null}},"10":{"start":{"line":25,"column":6},"end":{"line":25,"column":null}},"11":{"start":{"line":29,"column":29},"end":{"line":29,"column":null}},"12":{"start":{"line":32,"column":4},"end":{"line":34,"column":null}},"13":{"start":{"line":33,"column":6},"end":{"line":33,"column":null}},"14":{"start":{"line":36,"column":4},"end":{"line":38,"column":null}},"15":{"start":{"line":37,"column":6},"end":{"line":37,"column":null}},"16":{"start":{"line":41,"column":22},"end":{"line":47,"column":null}},"17":{"start":{"line":43,"column":50},"end":{"line":46,"column":8}},"18":{"start":{"line":49,"column":4},"end":{"line":59,"column":null}},"19":{"start":{"line":50,"column":6},"end":{"line":50,"column":null}},"20":{"start":{"line":58,"column":6},"end":{"line":58,"column":null}},"21":{"start":{"line":61,"column":4},"end":{"line":61,"column":null}}},"fnMap":{"0":{"name":"(anonymous_0)","decl":{"start":{"line":6,"column":8},"end":{"line":6,"column":15}},"loc":{"start":{"line":6,"column":62},"end":{"line":16,"column":null}},"line":6},"1":{"name":"(anonymous_1)","decl":{"start":{"line":18,"column":8},"end":{"line":18,"column":16}},"loc":{"start":{"line":18,"column":84},"end":{"line":62,"column":null}},"line":18},"2":{"name":"(anonymous_2)","decl":{"start":{"line":43,"column":36},"end":{"line":43,"column":37}},"loc":{"start":{"line":43,"column":50},"end":{"line":46,"column":8}},"line":43}},"branchMap":{"0":{"loc":{"start":{"line":11,"column":6},"end":{"line":13,"column":null}},"type":"if","locations":[{"start":{"line":11,"column":6},"end":{"line":13,"column":null}},{"start":{},"end":{}}],"line":11},"1":{"loc":{"start":{"line":20,"column":4},"end":{"line":26,"column":null}},"type":"if","locations":[{"start":{"line":20,"column":4},"end":{"line":26,"column":null}},{"start":{},"end":{}}],"line":20},"2":{"loc":{"start":{"line":22,"column":6},"end":{"line":24,"column":null}},"type":"if","locations":[{"start":{"line":22,"column":6},"end":{"line":24,"column":null}},{"start":{},"end":{}}],"line":22},"3":{"loc":{"start":{"line":32,"column":4},"end":{"line":34,"column":null}},"type":"if","locations":[{"start":{"line":32,"column":4},"end":{"line":34,"column":null}},{"start":{},"end":{}}],"line":32},"4":{"loc":{"start":{"line":36,"column":4},"end":{"line":38,"column":null}},"type":"if","locations":[{"start":{"line":36,"column":4},"end":{"line":38,"column":null}},{"start":{},"end":{}}],"line":36},"5":{"loc":{"start":{"line":49,"column":4},"end":{"line":59,"column":null}},"type":"if","locations":[{"start":{"line":49,"column":4},"end":{"line":59,"column":null}},{"start":{},"end":{}}],"line":49}},"s":{"0":8,"1":8,"2":8,"3":12,"4":8,"5":8,"6":9,"7":4,"8":4,"9":1,"10":3,"11":5,"12":5,"13":1,"14":4,"15":2,"16":2,"17":4,"18":2,"19":1,"20":1,"21":1},"f":{"0":8,"1":9,"2":4},"b":{"0":[8,4],"1":[4,5],"2":[1,3],"3":[1,4],"4":[2,2],"5":[1,1]},"meta":{"lastBranch":6,"lastFunction":3,"lastStatement":22,"seen":{"f:6:8:6:15":0,"s:7:21:7:Infinity":0,"s:8:54:8:Infinity":1,"s:10:4:14:Infinity":2,"b:11:6:13:Infinity:undefined:undefined:undefined:undefined":0,"s:11:6:13:Infinity":3,"s:12:8:12:Infinity":4,"s:15:4:15:Infinity":5,"f:18:8:18:16":1,"b:20:4:26:Infinity:undefined:undefined:undefined:undefined":1,"s:20:4:26:Infinity":6,"s:21:22:21:Infinity":7,"b:22:6:24:Infinity:undefined:undefined:undefined:undefined":2,"s:22:6:24:Infinity":8,"s:23:8:23:Infinity":9,"s:25:6:25:Infinity":10,"s:29:29:29:Infinity":11,"b:32:4:34:Infinity:undefined:undefined:undefined:undefined":3,"s:32:4:34:Infinity":12,"s:33:6:33:Infinity":13,"b:36:4:38:Infinity:undefined:undefined:undefined:undefined":4,"s:36:4:38:Infinity":14,"s:37:6:37:Infinity":15,"s:41:22:47:Infinity":16,"f:43:36:43:37":2,"s:43:50:46:8":17,"b:49:4:59:Infinity:undefined:undefined:undefined:undefined":5,"s:49:4:59:Infinity":18,"s:50:6:50:Infinity":19,"s:58:6:58:Infinity":20,"s:61:4:61:Infinity":21}}}
,"/Users/gabe/skx/src/utils/registry.ts": {"path":"/Users/gabe/skx/src/utils/registry.ts","statementMap":{"0":{"start":{"line":4,"column":27},"end":{"line":13,"column":null}},"1":{"start":{"line":17,"column":30},"end":{"line":17,"column":null}},"2":{"start":{"line":22,"column":2},"end":{"line":22,"column":null}},"3":{"start":{"line":25,"column":2},"end":{"line":39,"column":null}},"4":{"start":{"line":26,"column":21},"end":{"line":26,"column":null}},"5":{"start":{"line":27,"column":19},"end":{"line":27,"column":null}},"6":{"start":{"line":29,"column":4},"end":{"line":31,"column":null}},"7":{"start":{"line":30,"column":6},"end":{"line":30,"column":null}},"8":{"start":{"line":33,"column":4},"end":{"line":33,"column":null}},"9":{"start":{"line":35,"column":4},"end":{"line":37,"column":null}},"10":{"start":{"line":36,"column":6},"end":{"line":36,"column":null}},"11":{"start":{"line":38,"column":4},"end":{"line":38,"column":null}}},"fnMap":{"0":{"name":"fetchRegistry","decl":{"start":{"line":24,"column":22},"end":{"line":24,"column":56}},"loc":{"start":{"line":24,"column":56},"end":{"line":40,"column":null}},"line":24}},"branchMap":{"0":{"loc":{"start":{"line":29,"column":4},"end":{"line":31,"column":null}},"type":"if","locations":[{"start":{"line":29,"column":4},"end":{"line":31,"column":null}},{"start":{},"end":{}}],"line":29},"1":{"loc":{"start":{"line":35,"column":4},"end":{"line":37,"column":null}},"type":"if","locations":[{"start":{"line":35,"column":4},"end":{"line":37,"column":null}},{"start":{},"end":{}}],"line":35},"2":{"loc":{"start":{"line":35,"column":8},"end":{"line":35,"column":79}},"type":"binary-expr","locations":[{"start":{"line":35,"column":8},"end":{"line":35,"column":34}},{"start":{"line":35,"column":34},"end":{"line":35,"column":79}}],"line":35}},"s":{"0":7,"1":7,"2":7,"3":3,"4":3,"5":2,"6":2,"7":1,"8":1,"9":2,"10":1,"11":1},"f":{"0":3},"b":{"0":[1,1],"1":[1,1],"2":[2,2]},"meta":{"lastBranch":3,"lastFunction":1,"lastStatement":12,"seen":{"s:4:27:13:Infinity":0,"s:17:30:17:Infinity":1,"s:22:2:22:Infinity":2,"f:24:22:24:56":0,"s:25:2:39:Infinity":3,"s:26:21:26:Infinity":4,"s:27:19:27:Infinity":5,"b:29:4:31:Infinity:undefined:undefined:undefined:undefined":0,"s:29:4:31:Infinity":6,"s:30:6:30:Infinity":7,"s:33:4:33:Infinity":8,"b:35:4:37:Infinity:undefined:undefined:undefined:undefined":1,"s:35:4:37:Infinity":9,"b:35:8:35:34:35:34:35:79":2,"s:36:6:36:Infinity":10,"s:38:4:38:Infinity":11}}}
,"/Users/gabe/skx/src/utils/scope-resolver.ts": {"path":"/Users/gabe/skx/src/utils/scope-resolver.ts","statementMap":{"0":{"start":{"line":7,"column":23},"end":{"line":7,"column":null}},"1":{"start":{"line":9,"column":4},"end":{"line":13,"column":null}},"2":{"start":{"line":10,"column":6},"end":{"line":12,"column":null}},"3":{"start":{"line":11,"column":8},"end":{"line":11,"column":null}},"4":{"start":{"line":15,"column":4},"end":{"line":15,"column":null}}},"fnMap":{"0":{"name":"(anonymous_0)","decl":{"start":{"line":6,"column":8},"end":{"line":6,"column":16}},"loc":{"start":{"line":6,"column":45},"end":{"line":16,"column":null}},"line":6}},"branchMap":{"0":{"loc":{"start":{"line":10,"column":6},"end":{"line":12,"column":null}},"type":"if","locations":[{"start":{"line":10,"column":6},"end":{"line":12,"column":null}},{"start":{},"end":{}}],"line":10}},"s":{"0":3,"1":3,"2":10,"3":2,"4":1},"f":{"0":3},"b":{"0":[2,8]},"meta":{"lastBranch":1,"lastFunction":1,"lastStatement":5,"seen":{"f:6:8:6:16":0,"s:7:23:7:Infinity":0,"s:9:4:13:Infinity":1,"b:10:6:12:Infinity:undefined:undefined:undefined:undefined":0,"s:10:6:12:Infinity":2,"s:11:8:11:Infinity":3,"s:15:4:15:Infinity":4}}}
,"/Users/gabe/skx/src/utils/search.ts": {"path":"/Users/gabe/skx/src/utils/search.ts","statementMap":{"0":{"start":{"line":4,"column":2},"end":{"line":6,"column":null}},"1":{"start":{"line":5,"column":4},"end":{"line":5,"column":null}},"2":{"start":{"line":8,"column":21},"end":{"line":8,"column":null}},"3":{"start":{"line":10,"column":2},"end":{"line":15,"column":null}},"4":{"start":{"line":11,"column":4},"end":{"line":13,"column":null}}},"fnMap":{"0":{"name":"searchSkills","decl":{"start":{"line":3,"column":16},"end":{"line":3,"column":29}},"loc":{"start":{"line":3,"column":70},"end":{"line":16,"column":null}},"line":3},"1":{"name":"(anonymous_1)","decl":{"start":{"line":10,"column":23},"end":{"line":10,"column":24}},"loc":{"start":{"line":10,"column":34},"end":{"line":15,"column":3}},"line":10}},"branchMap":{"0":{"loc":{"start":{"line":4,"column":2},"end":{"line":6,"column":null}},"type":"if","locations":[{"start":{"line":4,"column":2},"end":{"line":6,"column":null}},{"start":{},"end":{}}],"line":4},"1":{"loc":{"start":{"line":12,"column":6},"end":{"line":13,"column":null}},"type":"binary-expr","locations":[{"start":{"line":12,"column":6},"end":{"line":12,"column":null}},{"start":{"line":13,"column":6},"end":{"line":13,"column":null}}],"line":12}},"s":{"0":10,"1":1,"2":9,"3":9,"4":19},"f":{"0":10,"1":19},"b":{"0":[1,9],"1":[19,12]},"meta":{"lastBranch":2,"lastFunction":2,"lastStatement":5,"seen":{"f:3:16:3:29":0,"b:4:2:6:Infinity:undefined:undefined:undefined:undefined":0,"s:4:2:6:Infinity":0,"s:5:4:5:Infinity":1,"s:8:21:8:Infinity":2,"s:10:2:15:Infinity":3,"f:10:23:10:24":1,"s:11:4:13:Infinity":4,"b:12:6:12:Infinity:13:6:13:Infinity":1}}}
,"/Users/gabe/skx/src/utils/skill-installer.ts": {"path":"/Users/gabe/skx/src/utils/skill-installer.ts","statementMap":{"0":{"start":{"line":15,"column":4},"end":{"line":27,"column":null}},"1":{"start":{"line":17,"column":24},"end":{"line":17,"column":null}},"2":{"start":{"line":18,"column":6},"end":{"line":18,"column":null}},"3":{"start":{"line":21,"column":6},"end":{"line":21,"column":null}},"4":{"start":{"line":23,"column":6},"end":{"line":25,"column":null}},"5":{"start":{"line":24,"column":8},"end":{"line":24,"column":null}},"6":{"start":{"line":26,"column":6},"end":{"line":26,"column":null}},"7":{"start":{"line":37,"column":20},"end":{"line":37,"column":null}},"8":{"start":{"line":39,"column":4},"end":{"line":45,"column":null}},"9":{"start":{"line":40,"column":6},"end":{"line":40,"column":null}},"10":{"start":{"line":41,"column":6},"end":{"line":41,"column":null}},"11":{"start":{"line":44,"column":6},"end":{"line":44,"column":null}}},"fnMap":{"0":{"name":"(anonymous_0)","decl":{"start":{"line":14,"column":8},"end":{"line":14,"column":16}},"loc":{"start":{"line":14,"column":69},"end":{"line":28,"column":null}},"line":14},"1":{"name":"(anonymous_1)","decl":{"start":{"line":36,"column":8},"end":{"line":36,"column":23}},"loc":{"start":{"line":36,"column":70},"end":{"line":46,"column":null}},"line":36}},"branchMap":{"0":{"loc":{"start":{"line":23,"column":6},"end":{"line":25,"column":null}},"type":"if","locations":[{"start":{"line":23,"column":6},"end":{"line":25,"column":null}},{"start":{},"end":{}}],"line":23}},"s":{"0":6,"1":6,"2":6,"3":6,"4":2,"5":1,"6":1,"7":3,"8":3,"9":3,"10":3,"11":3},"f":{"0":6,"1":3},"b":{"0":[1,1]},"meta":{"lastBranch":1,"lastFunction":2,"lastStatement":12,"seen":{"f:14:8:14:16":0,"s:15:4:27:Infinity":0,"s:17:24:17:Infinity":1,"s:18:6:18:Infinity":2,"s:21:6:21:Infinity":3,"b:23:6:25:Infinity:undefined:undefined:undefined:undefined":0,"s:23:6:25:Infinity":4,"s:24:8:24:Infinity":5,"s:26:6:26:Infinity":6,"f:36:8:36:23":1,"s:37:20:37:Infinity":7,"s:39:4:45:Infinity":8,"s:40:6:40:Infinity":9,"s:41:6:41:Infinity":10,"s:44:6:44:Infinity":11}}}
,"/Users/gabe/skx/src/utils/skill-manager.ts": {"path":"/Users/gabe/skx/src/utils/skill-manager.ts","statementMap":{"0":{"start":{"line":6,"column":20},"end":{"line":6,"column":null}},"1":{"start":{"line":8,"column":21},"end":{"line":10,"column":null}},"2":{"start":{"line":9,"column":45},"end":{"line":9,"column":68}},"3":{"start":{"line":12,"column":4},"end":{"line":36,"column":null}},"4":{"start":{"line":15,"column":35},"end":{"line":15,"column":null}},"5":{"start":{"line":17,"column":6},"end":{"line":23,"column":null}},"6":{"start":{"line":19,"column":18},"end":{"line":19,"column":null}},"7":{"start":{"line":20,"column":8},"end":{"line":22,"column":null}},"8":{"start":{"line":21,"column":12},"end":{"line":21,"column":null}},"9":{"start":{"line":25,"column":6},"end":{"line":35,"column":null}},"10":{"start":{"line":26,"column":8},"end":{"line":34,"column":null}},"11":{"start":{"line":27,"column":27},"end":{"line":27,"column":null}},"12":{"start":{"line":28,"column":12},"end":{"line":31,"column":null}},"13":{"start":{"line":29,"column":28},"end":{"line":29,"column":null}},"14":{"start":{"line":30,"column":16},"end":{"line":30,"column":null}},"15":{"start":{"line":37,"column":4},"end":{"line":37,"column":null}}},"fnMap":{"0":{"name":"(anonymous_0)","decl":{"start":{"line":5,"column":8},"end":{"line":5,"column":30}},"loc":{"start":{"line":5,"column":107},"end":{"line":38,"column":null}},"line":5},"1":{"name":"(anonymous_1)","decl":{"start":{"line":9,"column":40},"end":{"line":9,"column":45}},"loc":{"start":{"line":9,"column":45},"end":{"line":9,"column":68}},"line":9}},"branchMap":{"0":{"loc":{"start":{"line":8,"column":21},"end":{"line":10,"column":null}},"type":"cond-expr","locations":[{"start":{"line":9,"column":8},"end":{"line":9,"column":null}},{"start":{"line":10,"column":8},"end":{"line":10,"column":null}}],"line":8},"1":{"loc":{"start":{"line":17,"column":6},"end":{"line":23,"column":null}},"type":"if","locations":[{"start":{"line":17,"column":6},"end":{"line":23,"column":null}},{"start":{},"end":{}}],"line":17},"2":{"loc":{"start":{"line":20,"column":8},"end":{"line":22,"column":null}},"type":"if","locations":[{"start":{"line":20,"column":8},"end":{"line":22,"column":null}},{"start":{},"end":{}}],"line":20},"3":{"loc":{"start":{"line":28,"column":12},"end":{"line":31,"column":null}},"type":"if","locations":[{"start":{"line":28,"column":12},"end":{"line":31,"column":null}},{"start":{},"end":{}}],"line":28}},"s":{"0":5,"1":5,"2":2,"3":5,"4":6,"5":6,"6":1,"7":1,"8":1,"9":6,"10":11,"11":11,"12":11,"13":9,"14":9,"15":5},"f":{"0":5,"1":2},"b":{"0":[1,4],"1":[1,5],"2":[1,0],"3":[9,2]},"meta":{"lastBranch":4,"lastFunction":2,"lastStatement":16,"seen":{"f:5:8:5:30":0,"s:6:20:6:Infinity":0,"s:8:21:10:Infinity":1,"b:9:8:9:Infinity:10:8:10:Infinity":0,"f:9:40:9:45":1,"s:9:45:9:68":2,"s:12:4:36:Infinity":3,"s:15:35:15:Infinity":4,"b:17:6:23:Infinity:undefined:undefined:undefined:undefined":1,"s:17:6:23:Infinity":5,"s:19:18:19:Infinity":6,"b:20:8:22:Infinity:undefined:undefined:undefined:undefined":2,"s:20:8:22:Infinity":7,"s:21:12:21:Infinity":8,"s:25:6:35:Infinity":9,"s:26:8:34:Infinity":10,"s:27:27:27:Infinity":11,"b:28:12:31:Infinity:undefined:undefined:undefined:undefined":3,"s:28:12:31:Infinity":12,"s:29:28:29:Infinity":13,"s:30:16:30:Infinity":14,"s:37:4:37:Infinity":15}}}
,"/Users/gabe/skx/src/utils/skill-search.ts": {"path":"/Users/gabe/skx/src/utils/skill-search.ts","statementMap":{"0":{"start":{"line":11,"column":2},"end":{"line":15,"column":null}},"1":{"start":{"line":12,"column":4},"end":{"line":12,"column":null}},"2":{"start":{"line":14,"column":4},"end":{"line":14,"column":null}},"3":{"start":{"line":17,"column":14},"end":{"line":17,"column":null}},"4":{"start":{"line":19,"column":2},"end":{"line":63,"column":null}},"5":{"start":{"line":20,"column":22},"end":{"line":24,"column":null}},"6":{"start":{"line":26,"column":4},"end":{"line":26,"column":null}},"7":{"start":{"line":26,"column":29},"end":{"line":26,"column":null}},"8":{"start":{"line":27,"column":4},"end":{"line":27,"column":null}},"9":{"start":{"line":29,"column":10},"end":{"line":29,"column":null}},"10":{"start":{"line":31,"column":4},"end":{"line":41,"column":null}},"11":{"start":{"line":32,"column":20},"end":{"line":38,"column":null}},"12":{"start":{"line":39,"column":6},"end":{"line":39,"column":null}},"13":{"start":{"line":39,"column":49},"end":{"line":39,"column":null}},"14":{"start":{"line":40,"column":6},"end":{"line":40,"column":null}},"15":{"start":{"line":43,"column":22},"end":{"line":53,"column":null}},"16":{"start":{"line":46,"column":35},"end":{"line":50,"column":10}},"17":{"start":{"line":55,"column":4},"end":{"line":55,"column":null}},"18":{"start":{"line":55,"column":29},"end":{"line":55,"column":null}},"19":{"start":{"line":56,"column":4},"end":{"line":60,"column":null}},"20":{"start":{"line":59,"column":6},"end":{"line":59,"column":null}},"21":{"start":{"line":62,"column":4},"end":{"line":62,"column":null}}},"fnMap":{"0":{"name":"searchAndSelectSkill","decl":{"start":{"line":9,"column":22},"end":{"line":9,"column":73}},"loc":{"start":{"line":9,"column":73},"end":{"line":64,"column":null}},"line":9},"1":{"name":"(anonymous_1)","decl":{"start":{"line":46,"column":23},"end":{"line":46,"column":24}},"loc":{"start":{"line":46,"column":35},"end":{"line":50,"column":10}},"line":46}},"branchMap":{"0":{"loc":{"start":{"line":26,"column":4},"end":{"line":26,"column":null}},"type":"if","locations":[{"start":{"line":26,"column":4},"end":{"line":26,"column":null}},{"start":{},"end":{}}],"line":26},"1":{"loc":{"start":{"line":31,"column":4},"end":{"line":41,"column":null}},"type":"if","locations":[{"start":{"line":31,"column":4},"end":{"line":41,"column":null}},{"start":{},"end":{}}],"line":31},"2":{"loc":{"start":{"line":39,"column":6},"end":{"line":39,"column":null}},"type":"if","locations":[{"start":{"line":39,"column":6},"end":{"line":39,"column":null}},{"start":{},"end":{}}],"line":39},"3":{"loc":{"start":{"line":39,"column":6},"end":{"line":39,"column":49}},"type":"binary-expr","locations":[{"start":{"line":39,"column":6},"end":{"line":39,"column":29}},{"start":{"line":39,"column":29},"end":{"line":39,"column":49}}],"line":39},"4":{"loc":{"start":{"line":55,"column":4},"end":{"line":55,"column":null}},"type":"if","locations":[{"start":{"line":55,"column":4},"end":{"line":55,"column":null}},{"start":{},"end":{}}],"line":55},"5":{"loc":{"start":{"line":56,"column":4},"end":{"line":60,"column":null}},"type":"if","locations":[{"start":{"line":56,"column":4},"end":{"line":60,"column":null}},{"start":{},"end":{}}],"line":56}},"s":{"0":3,"1":3,"2":0,"3":3,"4":3,"5":4,"6":4,"7":1,"8":3,"9":3,"10":3,"11":0,"12":0,"13":0,"14":0,"15":3,"16":4,"17":3,"18":0,"19":3,"20":1,"21":2},"f":{"0":3,"1":4},"b":{"0":[1,3],"1":[0,3],"2":[0,0],"3":[0,0],"4":[0,3],"5":[1,2]},"meta":{"lastBranch":6,"lastFunction":2,"lastStatement":22,"seen":{"f:9:22:9:73":0,"s:11:2:15:Infinity":0,"s:12:4:12:Infinity":1,"s:14:4:14:Infinity":2,"s:17:14:17:Infinity":3,"s:19:2:63:Infinity":4,"s:20:22:24:Infinity":5,"b:26:4:26:Infinity:undefined:undefined:undefined:undefined":0,"s:26:4:26:Infinity":6,"s:26:29:26:Infinity":7,"s:27:4:27:Infinity":8,"s:29:10:29:Infinity":9,"b:31:4:41:Infinity:undefined:undefined:undefined:undefined":1,"s:31:4:41:Infinity":10,"s:32:20:38:Infinity":11,"b:39:6:39:Infinity:undefined:undefined:undefined:undefined":2,"s:39:6:39:Infinity":12,"b:39:6:39:29:39:29:39:49":3,"s:39:49:39:Infinity":13,"s:40:6:40:Infinity":14,"s:43:22:53:Infinity":15,"f:46:23:46:24":1,"s:46:35:50:10":16,"b:55:4:55:Infinity:undefined:undefined:undefined:undefined":4,"s:55:4:55:Infinity":17,"s:55:29:55:Infinity":18,"b:56:4:60:Infinity:undefined:undefined:undefined:undefined":5,"s:56:4:60:Infinity":19,"s:59:6:59:Infinity":20,"s:62:4:62:Infinity":21}}}
}
