{"/Users/gabe/skx/src/utils/downloader.ts": {"path":"/Users/gabe/skx/src/utils/downloader.ts","statementMap":{"0":{"start":{"line":5,"column":19},"end":{"line":5,"column":null}},"1":{"start":{"line":8,"column":10},"end":{"line":12,"column":null}},"2":{"start":{"line":14,"column":4},"end":{"line":14,"column":null}},"3":{"start":{"line":18,"column":21},"end":{"line":18,"column":null}},"4":{"start":{"line":20,"column":4},"end":{"line":32,"column":null}},"5":{"start":{"line":21,"column":33},"end":{"line":21,"column":null}},"6":{"start":{"line":22,"column":8},"end":{"line":31,"column":null}},"7":{"start":{"line":23,"column":27},"end":{"line":23,"column":null}},"8":{"start":{"line":24,"column":28},"end":{"line":24,"column":null}},"9":{"start":{"line":25,"column":28},"end":{"line":25,"column":null}},"10":{"start":{"line":27,"column":13},"end":{"line":29,"column":null}},"11":{"start":{"line":28,"column":17},"end":{"line":28,"column":null}},"12":{"start":{"line":30,"column":13},"end":{"line":30,"column":null}},"13":{"start":{"line":34,"column":4},"end":{"line":34,"column":null}}},"fnMap":{"0":{"name":"(anonymous_0)","decl":{"start":{"line":4,"column":15},"end":{"line":4,"column":24}},"loc":{"start":{"line":4,"column":71},"end":{"line":15,"column":null}},"line":4},"1":{"name":"(anonymous_1)","decl":{"start":{"line":17,"column":17},"end":{"line":17,"column":26}},"loc":{"start":{"line":17,"column":47},"end":{"line":35,"column":null}},"line":17}},"branchMap":{"0":{"loc":{"start":{"line":20,"column":4},"end":{"line":32,"column":null}},"type":"if","locations":[{"start":{"line":20,"column":4},"end":{"line":32,"column":null}},{"start":{},"end":{}}],"line":20},"1":{"loc":{"start":{"line":22,"column":8},"end":{"line":31,"column":null}},"type":"if","locations":[{"start":{"line":22,"column":8},"end":{"line":31,"column":null}},{"start":{},"end":{}}],"line":22},"2":{"loc":{"start":{"line":27,"column":13},"end":{"line":29,"column":null}},"type":"if","locations":[{"start":{"line":27,"column":13},"end":{"line":29,"column":null}},{"start":{},"end":{}}],"line":27}},"s":{"0":0,"1":0,"2":0,"3":0,"4":0,"5":0,"6":0,"7":0,"8":0,"9":0,"10":0,"11":0,"12":0,"13":0},"f":{"0":1,"1":1},"b":{"0":[0,0],"1":[0,0],"2":[0,0]},"meta":{"lastBranch":3,"lastFunction":2,"lastStatement":14,"seen":{"f:4:15:4:24":0,"s:5:19:5:Infinity":0,"s:8:10:12:Infinity":1,"s:14:4:14:Infinity":2,"f:17:17:17:26":1,"s:18:21:18:Infinity":3,"b:20:4:32:Infinity:undefined:undefined:undefined:undefined":0,"s:20:4:32:Infinity":4,"s:21:33:21:Infinity":5,"b:22:8:31:Infinity:undefined:undefined:undefined:undefined":1,"s:22:8:31:Infinity":6,"s:23:27:23:Infinity":7,"s:24:28:24:Infinity":8,"s:25:28:25:Infinity":9,"b:27:13:29:Infinity:undefined:undefined:undefined:undefined":2,"s:27:13:29:Infinity":10,"s:28:17:28:Infinity":11,"s:30:13:30:Infinity":12,"s:34:4:34:Infinity":13}}}
,"/Users/gabe/skx/src/utils/skill-installer.ts": {"path":"/Users/gabe/skx/src/utils/skill-installer.ts","statementMap":{"0":{"start":{"line":15,"column":4},"end":{"line":27,"column":null}},"1":{"start":{"line":17,"column":24},"end":{"line":17,"column":null}},"2":{"start":{"line":18,"column":6},"end":{"line":18,"column":null}},"3":{"start":{"line":21,"column":6},"end":{"line":21,"column":null}},"4":{"start":{"line":23,"column":6},"end":{"line":25,"column":null}},"5":{"start":{"line":24,"column":8},"end":{"line":24,"column":null}},"6":{"start":{"line":26,"column":6},"end":{"line":26,"column":null}},"7":{"start":{"line":37,"column":20},"end":{"line":37,"column":null}},"8":{"start":{"line":39,"column":4},"end":{"line":45,"column":null}},"9":{"start":{"line":40,"column":6},"end":{"line":40,"column":null}},"10":{"start":{"line":41,"column":6},"end":{"line":41,"column":null}},"11":{"start":{"line":44,"column":6},"end":{"line":44,"column":null}}},"fnMap":{"0":{"name":"(anonymous_0)","decl":{"start":{"line":14,"column":8},"end":{"line":14,"column":16}},"loc":{"start":{"line":14,"column":69},"end":{"line":28,"column":null}},"line":14},"1":{"name":"(anonymous_1)","decl":{"start":{"line":36,"column":8},"end":{"line":36,"column":23}},"loc":{"start":{"line":36,"column":70},"end":{"line":46,"column":null}},"line":36}},"branchMap":{"0":{"loc":{"start":{"line":23,"column":6},"end":{"line":25,"column":null}},"type":"if","locations":[{"start":{"line":23,"column":6},"end":{"line":25,"column":null}},{"start":{},"end":{}}],"line":23}},"s":{"0":4,"1":4,"2":4,"3":4,"4":2,"5":1,"6":1,"7":1,"8":1,"9":1,"10":1,"11":1},"f":{"0":4,"1":1},"b":{"0":[1,1]},"meta":{"lastBranch":1,"lastFunction":2,"lastStatement":12,"seen":{"f:14:8:14:16":0,"s:15:4:27:Infinity":0,"s:17:24:17:Infinity":1,"s:18:6:18:Infinity":2,"s:21:6:21:Infinity":3,"b:23:6:25:Infinity:undefined:undefined:undefined:undefined":0,"s:23:6:25:Infinity":4,"s:24:8:24:Infinity":5,"s:26:6:26:Infinity":6,"f:36:8:36:23":1,"s:37:20:37:Infinity":7,"s:39:4:45:Infinity":8,"s:40:6:40:Infinity":9,"s:41:6:41:Infinity":10,"s:44:6:44:Infinity":11}}}
}
